--------- beginning of crash
03-19 08:17:45.591 26899 26899 E AndroidRuntime: FATAL EXCEPTION: main
03-19 08:17:45.591 26899 26899 E AndroidRuntime: Process: tf.monochrome.android, PID: 26899
03-19 08:17:45.591 26899 26899 E AndroidRuntime: java.lang.IllegalStateException: Room cannot verify the data integrity. Looks like you've changed schema but forgot to update the version number. You can simply fix this by increasing the version number. Expected identity hash: a004fe81ba047cfe233108d112b8a420, found: 0e69f14394651111881400b2bbc38062
03-19 08:17:45.591 26899 26899 E AndroidRuntime: 	at androidx.core.app.g.g(r8-map-id-dd3f29581826c20d396a045834f6b5a6aa814564defc4fecf8cc0c94cd7159a6:123)
03-19 08:17:45.591 26899 26899 E AndroidRuntime: 	at p5.o.e(r8-map-id-dd3f29581826c20d396a045834f6b5a6aa814564defc4fecf8cc0c94cd7159a6:8)
03-19 08:17:45.591 26899 26899 E AndroidRuntime: 	at z5.f.onOpen(r8-map-id-dd3f29581826c20d396a045834f6b5a6aa814564defc4fecf8cc0c94cd7159a6:14)
03-19 08:17:45.591 26899 26899 E AndroidRuntime: 	at android.database.sqlite.SQLiteOpenHelper.getDatabaseLocked(SQLiteOpenHelper.java:448)
03-19 08:17:45.591 26899 26899 E AndroidRuntime: 	at android.database.sqlite.SQLiteOpenHelper.getWritableDatabase(SQLiteOpenHelper.java:336)
03-19 08:17:45.591 26899 26899 E AndroidRuntime: 	at z5.f.l(r8-map-id-dd3f29581826c20d396a045834f6b5a6aa814564defc4fecf8cc0c94cd7159a6:76)
03-19 08:17:45.591 26899 26899 E AndroidRuntime: 	at z5.f.f(r8-map-id-dd3f29581826c20d396a045834f6b5a6aa814564defc4fecf8cc0c94cd7159a6:24)
03-19 08:17:45.591 26899 26899 E AndroidRuntime: 	at z5.g.getWritableDatabase(r8-map-id-dd3f29581826c20d396a045834f6b5a6aa814564defc4fecf8cc0c94cd7159a6:10)
03-19 08:17:45.591 26899 26899 E AndroidRuntime: 	at s5.b.w(r8-map-id-dd3f29581826c20d396a045834f6b5a6aa814564defc4fecf8cc0c94cd7159a6:14)
03-19 08:17:45.591 26899 26899 E AndroidRuntime: 	at p5.s.v(r8-map-id-dd3f29581826c20d396a045834f6b5a6aa814564defc4fecf8cc0c94cd7159a6:9)
03-19 08:17:45.591 26899 26899 E AndroidRuntime: 	at p5.i0.f(r8-map-id-dd3f29581826c20d396a045834f6b5a6aa814564defc4fecf8cc0c94cd7159a6:74)
03-19 08:17:45.591 26899 26899 E AndroidRuntime: 	at b0.b0.invokeSuspend(r8-map-id-dd3f29581826c20d396a045834f6b5a6aa814564defc4fecf8cc0c94cd7159a6:571)
03-19 08:17:45.591 26899 26899 E AndroidRuntime: 	at bb.a.resumeWith(r8-map-id-dd3f29581826c20d396a045834f6b5a6aa814564defc4fecf8cc0c94cd7159a6:9)
03-19 08:17:45.591 26899 26899 E AndroidRuntime: 	at vb.j0.run(r8-map-id-dd3f29581826c20d396a045834f6b5a6aa814564defc4fecf8cc0c94cd7159a6:111)
03-19 08:17:45.591 26899 26899 E AndroidRuntime: 	at java.util.concurrent.ThreadPoolExecutor.runWorker(ThreadPoolExecutor.java:1154)
03-19 08:17:45.591 26899 26899 E AndroidRuntime: 	at java.util.concurrent.ThreadPoolExecutor$Worker.run(ThreadPoolExecutor.java:652)
03-19 08:17:45.591 26899 26899 E AndroidRuntime: 	at java.lang.Thread.run(Thread.java:1564)
03-19 08:17:45.591 26899 26899 E AndroidRuntime: 	Suppressed: ac.e: [r1{Cancelling}@b0be728, Dispatchers.Main.immediate]
03-19 08:17:52.368 27487 27487 E AndroidRuntime: FATAL EXCEPTION: main
03-19 08:17:52.368 27487 27487 E AndroidRuntime: Process: tf.monochrome.android, PID: 27487
03-19 08:17:52.368 27487 27487 E AndroidRuntime: java.lang.IllegalStateException: Room cannot verify the data integrity. Looks like you've changed schema but forgot to update the version number. You can simply fix this by increasing the version number. Expected identity hash: a004fe81ba047cfe233108d112b8a420, found: 0e69f14394651111881400b2bbc38062
03-19 08:17:52.368 27487 27487 E AndroidRuntime: 	at androidx.core.app.g.g(r8-map-id-dd3f29581826c20d396a045834f6b5a6aa814564defc4fecf8cc0c94cd7159a6:123)
03-19 08:17:52.368 27487 27487 E AndroidRuntime: 	at p5.o.e(r8-map-id-dd3f29581826c20d396a045834f6b5a6aa814564defc4fecf8cc0c94cd7159a6:8)
03-19 08:17:52.368 27487 27487 E AndroidRuntime: 	at z5.f.onOpen(r8-map-id-dd3f29581826c20d396a045834f6b5a6aa814564defc4fecf8cc0c94cd7159a6:14)
03-19 08:17:52.368 27487 27487 E AndroidRuntime: 	at android.database.sqlite.SQLiteOpenHelper.getDatabaseLocked(SQLiteOpenHelper.java:448)
03-19 08:17:52.368 27487 27487 E AndroidRuntime: 	at android.database.sqlite.SQLiteOpenHelper.getWritableDatabase(SQLiteOpenHelper.java:336)
03-19 08:17:52.368 27487 27487 E AndroidRuntime: 	at z5.f.l(r8-map-id-dd3f29581826c20d396a045834f6b5a6aa814564defc4fecf8cc0c94cd7159a6:76)
03-19 08:17:52.368 27487 27487 E AndroidRuntime: 	at z5.f.f(r8-map-id-dd3f29581826c20d396a045834f6b5a6aa814564defc4fecf8cc0c94cd7159a6:24)
03-19 08:17:52.368 27487 27487 E AndroidRuntime: 	at z5.g.getWritableDatabase(r8-map-id-dd3f29581826c20d396a045834f6b5a6aa814564defc4fecf8cc0c94cd7159a6:10)
03-19 08:17:52.368 27487 27487 E AndroidRuntime: 	at s5.b.w(r8-map-id-dd3f29581826c20d396a045834f6b5a6aa814564defc4fecf8cc0c94cd7159a6:14)
03-19 08:17:52.368 27487 27487 E AndroidRuntime: 	at p5.s.v(r8-map-id-dd3f29581826c20d396a045834f6b5a6aa814564defc4fecf8cc0c94cd7159a6:9)
03-19 08:17:52.368 27487 27487 E AndroidRuntime: 	at p5.i0.f(r8-map-id-dd3f29581826c20d396a045834f6b5a6aa814564defc4fecf8cc0c94cd7159a6:74)
03-19 08:17:52.368 27487 27487 E AndroidRuntime: 	at b0.b0.invokeSuspend(r8-map-id-dd3f29581826c20d396a045834f6b5a6aa814564defc4fecf8cc0c94cd7159a6:571)
03-19 08:17:52.368 27487 27487 E AndroidRuntime: 	at bb.a.resumeWith(r8-map-id-dd3f29581826c20d396a045834f6b5a6aa814564defc4fecf8cc0c94cd7159a6:9)
03-19 08:17:52.368 27487 27487 E AndroidRuntime: 	at vb.j0.run(r8-map-id-dd3f29581826c20d396a045834f6b5a6aa814564defc4fecf8cc0c94cd7159a6:111)
03-19 08:17:52.368 27487 27487 E AndroidRuntime: 	at java.util.concurrent.ThreadPoolExecutor.runWorker(ThreadPoolExecutor.java:1154)
03-19 08:17:52.368 27487 27487 E AndroidRuntime: 	at java.util.concurrent.ThreadPoolExecutor$Worker.run(ThreadPoolExecutor.java:652)
03-19 08:17:52.368 27487 27487 E AndroidRuntime: 	at java.lang.Thread.run(Thread.java:1564)
03-19 08:17:52.368 27487 27487 E AndroidRuntime: 	Suppressed: ac.e: [r1{Cancelling}@143914b, Dispatchers.Main.immediate]
03-19 08:17:57.056 28157 28157 E AndroidRuntime: FATAL EXCEPTION: main
03-19 08:17:57.056 28157 28157 E AndroidRuntime: Process: tf.monochrome.android, PID: 28157
03-19 08:17:57.056 28157 28157 E AndroidRuntime: java.lang.IllegalStateException: Room cannot verify the data integrity. Looks like you've changed schema but forgot to update the version number. You can simply fix this by increasing the version number. Expected identity hash: a004fe81ba047cfe233108d112b8a420, found: 0e69f14394651111881400b2bbc38062
03-19 08:17:57.056 28157 28157 E AndroidRuntime: 	at androidx.core.app.g.g(r8-map-id-dd3f29581826c20d396a045834f6b5a6aa814564defc4fecf8cc0c94cd7159a6:123)
03-19 08:17:57.056 28157 28157 E AndroidRuntime: 	at p5.o.e(r8-map-id-dd3f29581826c20d396a045834f6b5a6aa814564defc4fecf8cc0c94cd7159a6:8)
03-19 08:17:57.056 28157 28157 E AndroidRuntime: 	at z5.f.onOpen(r8-map-id-dd3f29581826c20d396a045834f6b5a6aa814564defc4fecf8cc0c94cd7159a6:14)
03-19 08:17:57.056 28157 28157 E AndroidRuntime: 	at android.database.sqlite.SQLiteOpenHelper.getDatabaseLocked(SQLiteOpenHelper.java:448)
03-19 08:17:57.056 28157 28157 E AndroidRuntime: 	at android.database.sqlite.SQLiteOpenHelper.getWritableDatabase(SQLiteOpenHelper.java:336)
03-19 08:17:57.056 28157 28157 E AndroidRuntime: 	at z5.f.l(r8-map-id-dd3f29581826c20d396a045834f6b5a6aa814564defc4fecf8cc0c94cd7159a6:76)
03-19 08:17:57.056 28157 28157 E AndroidRuntime: 	at z5.f.f(r8-map-id-dd3f29581826c20d396a045834f6b5a6aa814564defc4fecf8cc0c94cd7159a6:24)
03-19 08:17:57.056 28157 28157 E AndroidRuntime: 	at z5.g.getWritableDatabase(r8-map-id-dd3f29581826c20d396a045834f6b5a6aa814564defc4fecf8cc0c94cd7159a6:10)
03-19 08:17:57.056 28157 28157 E AndroidRuntime: 	at s5.b.w(r8-map-id-dd3f29581826c20d396a045834f6b5a6aa814564defc4fecf8cc0c94cd7159a6:14)
03-19 08:17:57.056 28157 28157 E AndroidRuntime: 	at p5.s.v(r8-map-id-dd3f29581826c20d396a045834f6b5a6aa814564defc4fecf8cc0c94cd7159a6:9)
03-19 08:17:57.056 28157 28157 E AndroidRuntime: 	at p5.i0.f(r8-map-id-dd3f29581826c20d396a045834f6b5a6aa814564defc4fecf8cc0c94cd7159a6:74)
03-19 08:17:57.056 28157 28157 E AndroidRuntime: 	at b0.b0.invokeSuspend(r8-map-id-dd3f29581826c20d396a045834f6b5a6aa814564defc4fecf8cc0c94cd7159a6:571)
03-19 08:17:57.056 28157 28157 E AndroidRuntime: 	at bb.a.resumeWith(r8-map-id-dd3f29581826c20d396a045834f6b5a6aa814564defc4fecf8cc0c94cd7159a6:9)
03-19 08:17:57.056 28157 28157 E AndroidRuntime: 	at vb.j0.run(r8-map-id-dd3f29581826c20d396a045834f6b5a6aa814564defc4fecf8cc0c94cd7159a6:111)
03-19 08:17:57.056 28157 28157 E AndroidRuntime: 	at java.util.concurrent.ThreadPoolExecutor.runWorker(ThreadPoolExecutor.java:1154)
03-19 08:17:57.056 28157 28157 E AndroidRuntime: 	at java.util.concurrent.ThreadPoolExecutor$Worker.run(ThreadPoolExecutor.java:652)
03-19 08:17:57.056 28157 28157 E AndroidRuntime: 	at java.lang.Thread.run(Thread.java:1564)
03-19 08:17:57.056 28157 28157 E AndroidRuntime: 	Suppressed: ac.e: [r1{Cancelling}@143914b, Dispatchers.Main.immediate]
03-19 08:21:26.293  4629  4629 E AndroidRuntime: FATAL EXCEPTION: main
03-19 08:21:26.293  4629  4629 E AndroidRuntime: Process: tf.monochrome.android, PID: 4629
03-19 08:21:26.293  4629  4629 E AndroidRuntime: java.lang.IllegalStateException: Room cannot verify the data integrity. Looks like you've changed schema but forgot to update the version number. You can simply fix this by increasing the version number. Expected identity hash: a004fe81ba047cfe233108d112b8a420, found: 0e69f14394651111881400b2bbc38062
03-19 08:21:26.293  4629  4629 E AndroidRuntime: 	at androidx.core.app.g.g(r8-map-id-dd3f29581826c20d396a045834f6b5a6aa814564defc4fecf8cc0c94cd7159a6:123)
03-19 08:21:26.293  4629  4629 E AndroidRuntime: 	at p5.o.e(r8-map-id-dd3f29581826c20d396a045834f6b5a6aa814564defc4fecf8cc0c94cd7159a6:8)
03-19 08:21:26.293  4629  4629 E AndroidRuntime: 	at z5.f.onOpen(r8-map-id-dd3f29581826c20d396a045834f6b5a6aa814564defc4fecf8cc0c94cd7159a6:14)
03-19 08:21:26.293  4629  4629 E AndroidRuntime: 	at android.database.sqlite.SQLiteOpenHelper.getDatabaseLocked(SQLiteOpenHelper.java:448)
03-19 08:21:26.293  4629  4629 E AndroidRuntime: 	at android.database.sqlite.SQLiteOpenHelper.getWritableDatabase(SQLiteOpenHelper.java:336)
03-19 08:21:26.293  4629  4629 E AndroidRuntime: 	at z5.f.l(r8-map-id-dd3f29581826c20d396a045834f6b5a6aa814564defc4fecf8cc0c94cd7159a6:76)
03-19 08:21:26.293  4629  4629 E AndroidRuntime: 	at z5.f.f(r8-map-id-dd3f29581826c20d396a045834f6b5a6aa814564defc4fecf8cc0c94cd7159a6:24)
03-19 08:21:26.293  4629  4629 E AndroidRuntime: 	at z5.g.getWritableDatabase(r8-map-id-dd3f29581826c20d396a045834f6b5a6aa814564defc4fecf8cc0c94cd7159a6:10)
03-19 08:21:26.293  4629  4629 E AndroidRuntime: 	at s5.b.w(r8-map-id-dd3f29581826c20d396a045834f6b5a6aa814564defc4fecf8cc0c94cd7159a6:14)
03-19 08:21:26.293  4629  4629 E AndroidRuntime: 	at p5.s.v(r8-map-id-dd3f29581826c20d396a045834f6b5a6aa814564defc4fecf8cc0c94cd7159a6:9)
03-19 08:21:26.293  4629  4629 E AndroidRuntime: 	at p5.i0.f(r8-map-id-dd3f29581826c20d396a045834f6b5a6aa814564defc4fecf8cc0c94cd7159a6:74)
03-19 08:21:26.293  4629  4629 E AndroidRuntime: 	at b0.b0.invokeSuspend(r8-map-id-dd3f29581826c20d396a045834f6b5a6aa814564defc4fecf8cc0c94cd7159a6:571)
03-19 08:21:26.293  4629  4629 E AndroidRuntime: 	at bb.a.resumeWith(r8-map-id-dd3f29581826c20d396a045834f6b5a6aa814564defc4fecf8cc0c94cd7159a6:9)
03-19 08:21:26.293  4629  4629 E AndroidRuntime: 	at vb.j0.run(r8-map-id-dd3f29581826c20d396a045834f6b5a6aa814564defc4fecf8cc0c94cd7159a6:111)
03-19 08:21:26.293  4629  4629 E AndroidRuntime: 	at java.util.concurrent.ThreadPoolExecutor.runWorker(ThreadPoolExecutor.java:1154)
03-19 08:21:26.293  4629  4629 E AndroidRuntime: 	at java.util.concurrent.ThreadPoolExecutor$Worker.run(ThreadPoolExecutor.java:652)
03-19 08:21:26.293  4629  4629 E AndroidRuntime: 	at java.lang.Thread.run(Thread.java:1564)
03-19 08:21:26.293  4629  4629 E AndroidRuntime: 	Suppressed: ac.e: [r1{Cancelling}@143914b, Dispatchers.Main.immediate]
03-19 08:24:08.890  9557  9557 E AndroidRuntime: FATAL EXCEPTION: main
03-19 08:24:08.890  9557  9557 E AndroidRuntime: Process: tf.monochrome.android, PID: 9557
03-19 08:24:08.890  9557  9557 E AndroidRuntime: java.lang.IllegalStateException: Room cannot verify the data integrity. Looks like you've changed schema but forgot to update the version number. You can simply fix this by increasing the version number. Expected identity hash: a004fe81ba047cfe233108d112b8a420, found: 0e69f14394651111881400b2bbc38062
03-19 08:24:08.890  9557  9557 E AndroidRuntime: 	at androidx.core.app.g.g(r8-map-id-c42865d3b54a21dbb7aa3e7bdcd1a59cd41f0f846945f031ed5fd5c7bd486f2a:123)
03-19 08:24:08.890  9557  9557 E AndroidRuntime: 	at p5.o.e(r8-map-id-c42865d3b54a21dbb7aa3e7bdcd1a59cd41f0f846945f031ed5fd5c7bd486f2a:8)
03-19 08:24:08.890  9557  9557 E AndroidRuntime: 	at z5.f.onOpen(r8-map-id-c42865d3b54a21dbb7aa3e7bdcd1a59cd41f0f846945f031ed5fd5c7bd486f2a:14)
03-19 08:24:08.890  9557  9557 E AndroidRuntime: 	at android.database.sqlite.SQLiteOpenHelper.getDatabaseLocked(SQLiteOpenHelper.java:448)
03-19 08:24:08.890  9557  9557 E AndroidRuntime: 	at android.database.sqlite.SQLiteOpenHelper.getWritableDatabase(SQLiteOpenHelper.java:336)
03-19 08:24:08.890  9557  9557 E AndroidRuntime: 	at z5.f.l(r8-map-id-c42865d3b54a21dbb7aa3e7bdcd1a59cd41f0f846945f031ed5fd5c7bd486f2a:76)
03-19 08:24:08.890  9557  9557 E AndroidRuntime: 	at z5.f.f(r8-map-id-c42865d3b54a21dbb7aa3e7bdcd1a59cd41f0f846945f031ed5fd5c7bd486f2a:24)
03-19 08:24:08.890  9557  9557 E AndroidRuntime: 	at z5.g.getWritableDatabase(r8-map-id-c42865d3b54a21dbb7aa3e7bdcd1a59cd41f0f846945f031ed5fd5c7bd486f2a:10)
03-19 08:24:08.890  9557  9557 E AndroidRuntime: 	at s5.b.w(r8-map-id-c42865d3b54a21dbb7aa3e7bdcd1a59cd41f0f846945f031ed5fd5c7bd486f2a:14)
03-19 08:24:08.890  9557  9557 E AndroidRuntime: 	at p5.s.v(r8-map-id-c42865d3b54a21dbb7aa3e7bdcd1a59cd41f0f846945f031ed5fd5c7bd486f2a:9)
03-19 08:24:08.890  9557  9557 E AndroidRuntime: 	at p5.i0.f(r8-map-id-c42865d3b54a21dbb7aa3e7bdcd1a59cd41f0f846945f031ed5fd5c7bd486f2a:74)
03-19 08:24:08.890  9557  9557 E AndroidRuntime: 	at b0.b0.invokeSuspend(r8-map-id-c42865d3b54a21dbb7aa3e7bdcd1a59cd41f0f846945f031ed5fd5c7bd486f2a:571)
03-19 08:24:08.890  9557  9557 E AndroidRuntime: 	at bb.a.resumeWith(r8-map-id-c42865d3b54a21dbb7aa3e7bdcd1a59cd41f0f846945f031ed5fd5c7bd486f2a:9)
03-19 08:24:08.890  9557  9557 E AndroidRuntime: 	at vb.j0.run(r8-map-id-c42865d3b54a21dbb7aa3e7bdcd1a59cd41f0f846945f031ed5fd5c7bd486f2a:111)
03-19 08:24:08.890  9557  9557 E AndroidRuntime: 	at java.util.concurrent.ThreadPoolExecutor.runWorker(ThreadPoolExecutor.java:1154)
03-19 08:24:08.890  9557  9557 E AndroidRuntime: 	at java.util.concurrent.ThreadPoolExecutor$Worker.run(ThreadPoolExecutor.java:652)
03-19 08:24:08.890  9557  9557 E AndroidRuntime: 	at java.lang.Thread.run(Thread.java:1564)
03-19 08:24:08.890  9557  9557 E AndroidRuntime: 	Suppressed: ac.e: [r1{Cancelling}@979dbbe, Dispatchers.Main.immediate]
03-19 08:24:22.797 12124 12124 E AndroidRuntime: FATAL EXCEPTION: main
03-19 08:24:22.797 12124 12124 E AndroidRuntime: Process: tf.monochrome.android, PID: 12124
03-19 08:24:22.797 12124 12124 E AndroidRuntime: java.lang.IllegalStateException: Room cannot verify the data integrity. Looks like you've changed schema but forgot to update the version number. You can simply fix this by increasing the version number. Expected identity hash: a004fe81ba047cfe233108d112b8a420, found: 0e69f14394651111881400b2bbc38062
03-19 08:24:22.797 12124 12124 E AndroidRuntime: 	at androidx.core.app.g.g(r8-map-id-c42865d3b54a21dbb7aa3e7bdcd1a59cd41f0f846945f031ed5fd5c7bd486f2a:123)
03-19 08:24:22.797 12124 12124 E AndroidRuntime: 	at p5.o.e(r8-map-id-c42865d3b54a21dbb7aa3e7bdcd1a59cd41f0f846945f031ed5fd5c7bd486f2a:8)
03-19 08:24:22.797 12124 12124 E AndroidRuntime: 	at z5.f.onOpen(r8-map-id-c42865d3b54a21dbb7aa3e7bdcd1a59cd41f0f846945f031ed5fd5c7bd486f2a:14)
03-19 08:24:22.797 12124 12124 E AndroidRuntime: 	at android.database.sqlite.SQLiteOpenHelper.getDatabaseLocked(SQLiteOpenHelper.java:448)
03-19 08:24:22.797 12124 12124 E AndroidRuntime: 	at android.database.sqlite.SQLiteOpenHelper.getWritableDatabase(SQLiteOpenHelper.java:336)
03-19 08:24:22.797 12124 12124 E AndroidRuntime: 	at z5.f.l(r8-map-id-c42865d3b54a21dbb7aa3e7bdcd1a59cd41f0f846945f031ed5fd5c7bd486f2a:76)
03-19 08:24:22.797 12124 12124 E AndroidRuntime: 	at z5.f.f(r8-map-id-c42865d3b54a21dbb7aa3e7bdcd1a59cd41f0f846945f031ed5fd5c7bd486f2a:24)
03-19 08:24:22.797 12124 12124 E AndroidRuntime: 	at z5.g.getWritableDatabase(r8-map-id-c42865d3b54a21dbb7aa3e7bdcd1a59cd41f0f846945f031ed5fd5c7bd486f2a:10)
03-19 08:24:22.797 12124 12124 E AndroidRuntime: 	at s5.b.w(r8-map-id-c42865d3b54a21dbb7aa3e7bdcd1a59cd41f0f846945f031ed5fd5c7bd486f2a:14)
03-19 08:24:22.797 12124 12124 E AndroidRuntime: 	at p5.s.v(r8-map-id-c42865d3b54a21dbb7aa3e7bdcd1a59cd41f0f846945f031ed5fd5c7bd486f2a:9)
03-19 08:24:22.797 12124 12124 E AndroidRuntime: 	at p5.i0.f(r8-map-id-c42865d3b54a21dbb7aa3e7bdcd1a59cd41f0f846945f031ed5fd5c7bd486f2a:74)
03-19 08:24:22.797 12124 12124 E AndroidRuntime: 	at b0.b0.invokeSuspend(r8-map-id-c42865d3b54a21dbb7aa3e7bdcd1a59cd41f0f846945f031ed5fd5c7bd486f2a:571)
03-19 08:24:22.797 12124 12124 E AndroidRuntime: 	at bb.a.resumeWith(r8-map-id-c42865d3b54a21dbb7aa3e7bdcd1a59cd41f0f846945f031ed5fd5c7bd486f2a:9)
03-19 08:24:22.797 12124 12124 E AndroidRuntime: 	at vb.j0.run(r8-map-id-c42865d3b54a21dbb7aa3e7bdcd1a59cd41f0f846945f031ed5fd5c7bd486f2a:111)
03-19 08:24:22.797 12124 12124 E AndroidRuntime: 	at java.util.concurrent.ThreadPoolExecutor.runWorker(ThreadPoolExecutor.java:1154)
03-19 08:24:22.797 12124 12124 E AndroidRuntime: 	at java.util.concurrent.ThreadPoolExecutor$Worker.run(ThreadPoolExecutor.java:652)
03-19 08:24:22.797 12124 12124 E AndroidRuntime: 	at java.lang.Thread.run(Thread.java:1564)
03-19 08:24:22.797 12124 12124 E AndroidRuntime: 	Suppressed: ac.e: [r1{Cancelling}@bb2d21a, Dispatchers.Main.immediate]
03-19 08:25:06.370 14371 14371 E AndroidRuntime: FATAL EXCEPTION: main
03-19 08:25:06.370 14371 14371 E AndroidRuntime: Process: tf.monochrome.android, PID: 14371
03-19 08:25:06.370 14371 14371 E AndroidRuntime: java.lang.IllegalStateException: Room cannot verify the data integrity. Looks like you've changed schema but forgot to update the version number. You can simply fix this by increasing the version number. Expected identity hash: a004fe81ba047cfe233108d112b8a420, found: 0e69f14394651111881400b2bbc38062
03-19 08:25:06.370 14371 14371 E AndroidRuntime: 	at androidx.core.app.g.g(r8-map-id-c42865d3b54a21dbb7aa3e7bdcd1a59cd41f0f846945f031ed5fd5c7bd486f2a:123)
03-19 08:25:06.370 14371 14371 E AndroidRuntime: 	at p5.o.e(r8-map-id-c42865d3b54a21dbb7aa3e7bdcd1a59cd41f0f846945f031ed5fd5c7bd486f2a:8)
03-19 08:25:06.370 14371 14371 E AndroidRuntime: 	at z5.f.onOpen(r8-map-id-c42865d3b54a21dbb7aa3e7bdcd1a59cd41f0f846945f031ed5fd5c7bd486f2a:14)
03-19 08:25:06.370 14371 14371 E AndroidRuntime: 	at android.database.sqlite.SQLiteOpenHelper.getDatabaseLocked(SQLiteOpenHelper.java:448)
03-19 08:25:06.370 14371 14371 E AndroidRuntime: 	at android.database.sqlite.SQLiteOpenHelper.getWritableDatabase(SQLiteOpenHelper.java:336)
03-19 08:25:06.370 14371 14371 E AndroidRuntime: 	at z5.f.l(r8-map-id-c42865d3b54a21dbb7aa3e7bdcd1a59cd41f0f846945f031ed5fd5c7bd486f2a:76)
03-19 08:25:06.370 14371 14371 E AndroidRuntime: 	at z5.f.f(r8-map-id-c42865d3b54a21dbb7aa3e7bdcd1a59cd41f0f846945f031ed5fd5c7bd486f2a:24)
03-19 08:25:06.370 14371 14371 E AndroidRuntime: 	at z5.g.getWritableDatabase(r8-map-id-c42865d3b54a21dbb7aa3e7bdcd1a59cd41f0f846945f031ed5fd5c7bd486f2a:10)
03-19 08:25:06.370 14371 14371 E AndroidRuntime: 	at s5.b.w(r8-map-id-c42865d3b54a21dbb7aa3e7bdcd1a59cd41f0f846945f031ed5fd5c7bd486f2a:14)
03-19 08:25:06.370 14371 14371 E AndroidRuntime: 	at p5.s.v(r8-map-id-c42865d3b54a21dbb7aa3e7bdcd1a59cd41f0f846945f031ed5fd5c7bd486f2a:9)
03-19 08:25:06.370 14371 14371 E AndroidRuntime: 	at p5.i0.f(r8-map-id-c42865d3b54a21dbb7aa3e7bdcd1a59cd41f0f846945f031ed5fd5c7bd486f2a:74)
03-19 08:25:06.370 14371 14371 E AndroidRuntime: 	at b0.b0.invokeSuspend(r8-map-id-c42865d3b54a21dbb7aa3e7bdcd1a59cd41f0f846945f031ed5fd5c7bd486f2a:571)
03-19 08:25:06.370 14371 14371 E AndroidRuntime: 	at bb.a.resumeWith(r8-map-id-c42865d3b54a21dbb7aa3e7bdcd1a59cd41f0f846945f031ed5fd5c7bd486f2a:9)
03-19 08:25:06.370 14371 14371 E AndroidRuntime: 	at vb.j0.run(r8-map-id-c42865d3b54a21dbb7aa3e7bdcd1a59cd41f0f846945f031ed5fd5c7bd486f2a:111)
03-19 08:25:06.370 14371 14371 E AndroidRuntime: 	at java.util.concurrent.ThreadPoolExecutor.runWorker(ThreadPoolExecutor.java:1154)
03-19 08:25:06.370 14371 14371 E AndroidRuntime: 	at java.util.concurrent.ThreadPoolExecutor$Worker.run(ThreadPoolExecutor.java:652)
03-19 08:25:06.370 14371 14371 E AndroidRuntime: 	at java.lang.Thread.run(Thread.java:1564)
03-19 08:25:06.370 14371 14371 E AndroidRuntime: 	Suppressed: ac.e: [r1{Cancelling}@143914b, Dispatchers.Main.immediate]
03-19 08:28:01.765 19699 19699 E AndroidRuntime: FATAL EXCEPTION: main
03-19 08:28:01.765 19699 19699 E AndroidRuntime: Process: tf.monochrome.android, PID: 19699
03-19 08:28:01.765 19699 19699 E AndroidRuntime: java.lang.IllegalStateException: Room cannot verify the data integrity. Looks like you've changed schema but forgot to update the version number. You can simply fix this by increasing the version number. Expected identity hash: a004fe81ba047cfe233108d112b8a420, found: 0e69f14394651111881400b2bbc38062
03-19 08:28:01.765 19699 19699 E AndroidRuntime: 	at androidx.core.app.g.g(r8-map-id-0c93546ecd892c9acd34fdfdb1afcc7b5523fdeb5f79d71a952379b9aa23a737:123)
03-19 08:28:01.765 19699 19699 E AndroidRuntime: 	at p5.o.e(r8-map-id-0c93546ecd892c9acd34fdfdb1afcc7b5523fdeb5f79d71a952379b9aa23a737:8)
03-19 08:28:01.765 19699 19699 E AndroidRuntime: 	at z5.f.onOpen(r8-map-id-0c93546ecd892c9acd34fdfdb1afcc7b5523fdeb5f79d71a952379b9aa23a737:14)
03-19 08:28:01.765 19699 19699 E AndroidRuntime: 	at android.database.sqlite.SQLiteOpenHelper.getDatabaseLocked(SQLiteOpenHelper.java:448)
03-19 08:28:01.765 19699 19699 E AndroidRuntime: 	at android.database.sqlite.SQLiteOpenHelper.getWritableDatabase(SQLiteOpenHelper.java:336)
03-19 08:28:01.765 19699 19699 E AndroidRuntime: 	at z5.f.l(r8-map-id-0c93546ecd892c9acd34fdfdb1afcc7b5523fdeb5f79d71a952379b9aa23a737:76)
03-19 08:28:01.765 19699 19699 E AndroidRuntime: 	at z5.f.f(r8-map-id-0c93546ecd892c9acd34fdfdb1afcc7b5523fdeb5f79d71a952379b9aa23a737:24)
03-19 08:28:01.765 19699 19699 E AndroidRuntime: 	at z5.g.getWritableDatabase(r8-map-id-0c93546ecd892c9acd34fdfdb1afcc7b5523fdeb5f79d71a952379b9aa23a737:10)
03-19 08:28:01.765 19699 19699 E AndroidRuntime: 	at s5.b.w(r8-map-id-0c93546ecd892c9acd34fdfdb1afcc7b5523fdeb5f79d71a952379b9aa23a737:14)
03-19 08:28:01.765 19699 19699 E AndroidRuntime: 	at p5.s.v(r8-map-id-0c93546ecd892c9acd34fdfdb1afcc7b5523fdeb5f79d71a952379b9aa23a737:9)
03-19 08:28:01.765 19699 19699 E AndroidRuntime: 	at p5.i0.f(r8-map-id-0c93546ecd892c9acd34fdfdb1afcc7b5523fdeb5f79d71a952379b9aa23a737:74)
03-19 08:28:01.765 19699 19699 E AndroidRuntime: 	at b0.b0.invokeSuspend(r8-map-id-0c93546ecd892c9acd34fdfdb1afcc7b5523fdeb5f79d71a952379b9aa23a737:571)
03-19 08:28:01.765 19699 19699 E AndroidRuntime: 	at bb.a.resumeWith(r8-map-id-0c93546ecd892c9acd34fdfdb1afcc7b5523fdeb5f79d71a952379b9aa23a737:9)
03-19 08:28:01.765 19699 19699 E AndroidRuntime: 	at vb.j0.run(r8-map-id-0c93546ecd892c9acd34fdfdb1afcc7b5523fdeb5f79d71a952379b9aa23a737:111)
03-19 08:28:01.765 19699 19699 E AndroidRuntime: 	at java.util.concurrent.ThreadPoolExecutor.runWorker(ThreadPoolExecutor.java:1154)
03-19 08:28:01.765 19699 19699 E AndroidRuntime: 	at java.util.concurrent.ThreadPoolExecutor$Worker.run(ThreadPoolExecutor.java:652)
03-19 08:28:01.765 19699 19699 E AndroidRuntime: 	at java.lang.Thread.run(Thread.java:1564)
03-19 08:28:01.765 19699 19699 E AndroidRuntime: 	Suppressed: ac.e: [r1{Cancelling}@143914b, Dispatchers.Main.immediate]
03-19 08:28:03.501 20017 20017 E AndroidRuntime: FATAL EXCEPTION: main
03-19 08:28:03.501 20017 20017 E AndroidRuntime: Process: tf.monochrome.android, PID: 20017
03-19 08:28:03.501 20017 20017 E AndroidRuntime: java.lang.IllegalStateException: Room cannot verify the data integrity. Looks like you've changed schema but forgot to update the version number. You can simply fix this by increasing the version number. Expected identity hash: a004fe81ba047cfe233108d112b8a420, found: 0e69f14394651111881400b2bbc38062
03-19 08:28:03.501 20017 20017 E AndroidRuntime: 	at androidx.core.app.g.g(r8-map-id-0c93546ecd892c9acd34fdfdb1afcc7b5523fdeb5f79d71a952379b9aa23a737:123)
03-19 08:28:03.501 20017 20017 E AndroidRuntime: 	at p5.o.e(r8-map-id-0c93546ecd892c9acd34fdfdb1afcc7b5523fdeb5f79d71a952379b9aa23a737:8)
03-19 08:28:03.501 20017 20017 E AndroidRuntime: 	at z5.f.onOpen(r8-map-id-0c93546ecd892c9acd34fdfdb1afcc7b5523fdeb5f79d71a952379b9aa23a737:14)
03-19 08:28:03.501 20017 20017 E AndroidRuntime: 	at android.database.sqlite.SQLiteOpenHelper.getDatabaseLocked(SQLiteOpenHelper.java:448)
03-19 08:28:03.501 20017 20017 E AndroidRuntime: 	at android.database.sqlite.SQLiteOpenHelper.getWritableDatabase(SQLiteOpenHelper.java:336)
03-19 08:28:03.501 20017 20017 E AndroidRuntime: 	at z5.f.l(r8-map-id-0c93546ecd892c9acd34fdfdb1afcc7b5523fdeb5f79d71a952379b9aa23a737:76)
03-19 08:28:03.501 20017 20017 E AndroidRuntime: 	at z5.f.f(r8-map-id-0c93546ecd892c9acd34fdfdb1afcc7b5523fdeb5f79d71a952379b9aa23a737:24)
03-19 08:28:03.501 20017 20017 E AndroidRuntime: 	at z5.g.getWritableDatabase(r8-map-id-0c93546ecd892c9acd34fdfdb1afcc7b5523fdeb5f79d71a952379b9aa23a737:10)
03-19 08:28:03.501 20017 20017 E AndroidRuntime: 	at s5.b.w(r8-map-id-0c93546ecd892c9acd34fdfdb1afcc7b5523fdeb5f79d71a952379b9aa23a737:14)
03-19 08:28:03.501 20017 20017 E AndroidRuntime: 	at p5.s.v(r8-map-id-0c93546ecd892c9acd34fdfdb1afcc7b5523fdeb5f79d71a952379b9aa23a737:9)
03-19 08:28:03.501 20017 20017 E AndroidRuntime: 	at p5.i0.f(r8-map-id-0c93546ecd892c9acd34fdfdb1afcc7b5523fdeb5f79d71a952379b9aa23a737:74)
03-19 08:28:03.501 20017 20017 E AndroidRuntime: 	at b0.b0.invokeSuspend(r8-map-id-0c93546ecd892c9acd34fdfdb1afcc7b5523fdeb5f79d71a952379b9aa23a737:571)
03-19 08:28:03.501 20017 20017 E AndroidRuntime: 	at bb.a.resumeWith(r8-map-id-0c93546ecd892c9acd34fdfdb1afcc7b5523fdeb5f79d71a952379b9aa23a737:9)
03-19 08:28:03.501 20017 20017 E AndroidRuntime: 	at vb.j0.run(r8-map-id-0c93546ecd892c9acd34fdfdb1afcc7b5523fdeb5f79d71a952379b9aa23a737:111)
03-19 08:28:03.501 20017 20017 E AndroidRuntime: 	at java.util.concurrent.ThreadPoolExecutor.runWorker(ThreadPoolExecutor.java:1154)
03-19 08:28:03.501 20017 20017 E AndroidRuntime: 	at java.util.concurrent.ThreadPoolExecutor$Worker.run(ThreadPoolExecutor.java:652)
03-19 08:28:03.501 20017 20017 E AndroidRuntime: 	at java.lang.Thread.run(Thread.java:1564)
03-19 08:28:03.501 20017 20017 E AndroidRuntime: 	Suppressed: ac.e: [r1{Cancelling}@bb2d21a, Dispatchers.Main.immediate]
03-19 08:28:18.830 20650 20650 E AndroidRuntime: FATAL EXCEPTION: main
03-19 08:28:18.830 20650 20650 E AndroidRuntime: Process: tf.monochrome.android, PID: 20650
03-19 08:28:18.830 20650 20650 E AndroidRuntime: java.lang.IllegalStateException: Room cannot verify the data integrity. Looks like you've changed schema but forgot to update the version number. You can simply fix this by increasing the version number. Expected identity hash: a004fe81ba047cfe233108d112b8a420, found: 0e69f14394651111881400b2bbc38062
03-19 08:28:18.830 20650 20650 E AndroidRuntime: 	at androidx.core.app.g.g(r8-map-id-0c93546ecd892c9acd34fdfdb1afcc7b5523fdeb5f79d71a952379b9aa23a737:123)
03-19 08:28:18.830 20650 20650 E AndroidRuntime: 	at p5.o.e(r8-map-id-0c93546ecd892c9acd34fdfdb1afcc7b5523fdeb5f79d71a952379b9aa23a737:8)
03-19 08:28:18.830 20650 20650 E AndroidRuntime: 	at z5.f.onOpen(r8-map-id-0c93546ecd892c9acd34fdfdb1afcc7b5523fdeb5f79d71a952379b9aa23a737:14)
03-19 08:28:18.830 20650 20650 E AndroidRuntime: 	at android.database.sqlite.SQLiteOpenHelper.getDatabaseLocked(SQLiteOpenHelper.java:448)
03-19 08:28:18.830 20650 20650 E AndroidRuntime: 	at android.database.sqlite.SQLiteOpenHelper.getWritableDatabase(SQLiteOpenHelper.java:336)
03-19 08:28:18.830 20650 20650 E AndroidRuntime: 	at z5.f.l(r8-map-id-0c93546ecd892c9acd34fdfdb1afcc7b5523fdeb5f79d71a952379b9aa23a737:76)
03-19 08:28:18.830 20650 20650 E AndroidRuntime: 	at z5.f.f(r8-map-id-0c93546ecd892c9acd34fdfdb1afcc7b5523fdeb5f79d71a952379b9aa23a737:24)
03-19 08:28:18.830 20650 20650 E AndroidRuntime: 	at z5.g.getWritableDatabase(r8-map-id-0c93546ecd892c9acd34fdfdb1afcc7b5523fdeb5f79d71a952379b9aa23a737:10)
03-19 08:28:18.830 20650 20650 E AndroidRuntime: 	at s5.b.w(r8-map-id-0c93546ecd892c9acd34fdfdb1afcc7b5523fdeb5f79d71a952379b9aa23a737:14)
03-19 08:28:18.830 20650 20650 E AndroidRuntime: 	at p5.s.v(r8-map-id-0c93546ecd892c9acd34fdfdb1afcc7b5523fdeb5f79d71a952379b9aa23a737:9)
03-19 08:28:18.830 20650 20650 E AndroidRuntime: 	at p5.i0.f(r8-map-id-0c93546ecd892c9acd34fdfdb1afcc7b5523fdeb5f79d71a952379b9aa23a737:74)
03-19 08:28:18.830 20650 20650 E AndroidRuntime: 	at b0.b0.invokeSuspend(r8-map-id-0c93546ecd892c9acd34fdfdb1afcc7b5523fdeb5f79d71a952379b9aa23a737:571)
03-19 08:28:18.830 20650 20650 E AndroidRuntime: 	at bb.a.resumeWith(r8-map-id-0c93546ecd892c9acd34fdfdb1afcc7b5523fdeb5f79d71a952379b9aa23a737:9)
03-19 08:28:18.830 20650 20650 E AndroidRuntime: 	at vb.j0.run(r8-map-id-0c93546ecd892c9acd34fdfdb1afcc7b5523fdeb5f79d71a952379b9aa23a737:111)
03-19 08:28:18.830 20650 20650 E AndroidRuntime: 	at java.util.concurrent.ThreadPoolExecutor.runWorker(ThreadPoolExecutor.java:1154)
03-19 08:28:18.830 20650 20650 E AndroidRuntime: 	at java.util.concurrent.ThreadPoolExecutor$Worker.run(ThreadPoolExecutor.java:652)
03-19 08:28:18.830 20650 20650 E AndroidRuntime: 	at java.lang.Thread.run(Thread.java:1564)
03-19 08:28:18.830 20650 20650 E AndroidRuntime: 	Suppressed: ac.e: [r1{Cancelling}@bb2d21a, Dispatchers.Main.immediate]
03-19 08:28:26.295 21103 21103 E AndroidRuntime: FATAL EXCEPTION: main
03-19 08:28:26.295 21103 21103 E AndroidRuntime: Process: tf.monochrome.android, PID: 21103
03-19 08:28:26.295 21103 21103 E AndroidRuntime: java.lang.IllegalStateException: Room cannot verify the data integrity. Looks like you've changed schema but forgot to update the version number. You can simply fix this by increasing the version number. Expected identity hash: a004fe81ba047cfe233108d112b8a420, found: 0e69f14394651111881400b2bbc38062
03-19 08:28:26.295 21103 21103 E AndroidRuntime: 	at androidx.core.app.g.g(r8-map-id-0c93546ecd892c9acd34fdfdb1afcc7b5523fdeb5f79d71a952379b9aa23a737:123)
03-19 08:28:26.295 21103 21103 E AndroidRuntime: 	at p5.o.e(r8-map-id-0c93546ecd892c9acd34fdfdb1afcc7b5523fdeb5f79d71a952379b9aa23a737:8)
03-19 08:28:26.295 21103 21103 E AndroidRuntime: 	at z5.f.onOpen(r8-map-id-0c93546ecd892c9acd34fdfdb1afcc7b5523fdeb5f79d71a952379b9aa23a737:14)
03-19 08:28:26.295 21103 21103 E AndroidRuntime: 	at android.database.sqlite.SQLiteOpenHelper.getDatabaseLocked(SQLiteOpenHelper.java:448)
03-19 08:28:26.295 21103 21103 E AndroidRuntime: 	at android.database.sqlite.SQLiteOpenHelper.getWritableDatabase(SQLiteOpenHelper.java:336)
03-19 08:28:26.295 21103 21103 E AndroidRuntime: 	at z5.f.l(r8-map-id-0c93546ecd892c9acd34fdfdb1afcc7b5523fdeb5f79d71a952379b9aa23a737:76)
03-19 08:28:26.295 21103 21103 E AndroidRuntime: 	at z5.f.f(r8-map-id-0c93546ecd892c9acd34fdfdb1afcc7b5523fdeb5f79d71a952379b9aa23a737:24)
03-19 08:28:26.295 21103 21103 E AndroidRuntime: 	at z5.g.getWritableDatabase(r8-map-id-0c93546ecd892c9acd34fdfdb1afcc7b5523fdeb5f79d71a952379b9aa23a737:10)
03-19 08:28:26.295 21103 21103 E AndroidRuntime: 	at s5.b.w(r8-map-id-0c93546ecd892c9acd34fdfdb1afcc7b5523fdeb5f79d71a952379b9aa23a737:14)
03-19 08:28:26.295 21103 21103 E AndroidRuntime: 	at p5.s.v(r8-map-id-0c93546ecd892c9acd34fdfdb1afcc7b5523fdeb5f79d71a952379b9aa23a737:9)
03-19 08:28:26.295 21103 21103 E AndroidRuntime: 	at p5.i0.f(r8-map-id-0c93546ecd892c9acd34fdfdb1afcc7b5523fdeb5f79d71a952379b9aa23a737:74)
03-19 08:28:26.295 21103 21103 E AndroidRuntime: 	at b0.b0.invokeSuspend(r8-map-id-0c93546ecd892c9acd34fdfdb1afcc7b5523fdeb5f79d71a952379b9aa23a737:571)
03-19 08:28:26.295 21103 21103 E AndroidRuntime: 	at bb.a.resumeWith(r8-map-id-0c93546ecd892c9acd34fdfdb1afcc7b5523fdeb5f79d71a952379b9aa23a737:9)
03-19 08:28:26.295 21103 21103 E AndroidRuntime: 	at vb.j0.run(r8-map-id-0c93546ecd892c9acd34fdfdb1afcc7b5523fdeb5f79d71a952379b9aa23a737:111)
03-19 08:28:26.295 21103 21103 E AndroidRuntime: 	at java.util.concurrent.ThreadPoolExecutor.runWorker(ThreadPoolExecutor.java:1154)
03-19 08:28:26.295 21103 21103 E AndroidRuntime: 	at java.util.concurrent.ThreadPoolExecutor$Worker.run(ThreadPoolExecutor.java:652)
03-19 08:28:26.295 21103 21103 E AndroidRuntime: 	at java.lang.Thread.run(Thread.java:1564)
03-19 08:28:26.295 21103 21103 E AndroidRuntime: 	Suppressed: ac.e: [r1{Cancelling}@143914b, Dispatchers.Main.immediate]
